<?xml version="1.0" encoding="UTF-8"?>
<!-- Generated by org.testng.reporters.JUnitReportReporter -->
<testsuite hostname="KI54" failures="0" tests="1" name="pagesTestCasesYasasiiWeb.FO_Copay_TestCaseYW" time="65.853" errors="0" timestamp="2022-07-26T15:00:43 IST" skipped="0">
  <testcase classname="pagesTestCasesYasasiiWeb.FO_Copay_TestCaseYW" name="copay" time="65.853"/>
  <system-out/>
</testsuite> <!-- pagesTestCasesYasasiiWeb.FO_Copay_TestCaseYW -->
