<?xml version="1.0" encoding="UTF-8"?>
<!-- Generated by org.testng.reporters.JUnitReportReporter -->
<testsuite hostname="KI54" failures="0" tests="2" name="pagesTestCasesYasasiiWeb.EMRHomePageYW" time="304.423" errors="0" timestamp="2022-07-26T17:14:30 IST" skipped="0">
  <testcase classname="pagesTestCasesYasasiiWeb.EMRHomePageYW" name="immunology" time="26.085"/>
  <system-out/>
  <testcase classname="pagesTestCasesYasasiiWeb.EMRHomePageYW" name="EMRscreen" time="278.338"/>
  <system-out/>
</testsuite> <!-- pagesTestCasesYasasiiWeb.EMRHomePageYW -->
