<?xml version="1.0" encoding="UTF-8"?>
<!-- Generated by org.testng.reporters.JUnitReportReporter -->
<testsuite hostname="KI54" failures="0" tests="1" name="pagesTestCasesYasasiiWeb.MastersGenericTestCasesYW" time="51.588" errors="0" timestamp="2022-07-26T13:10:40 IST" skipped="0">
  <testcase classname="pagesTestCasesYasasiiWeb.MastersGenericTestCasesYW" name="addgenericmaster" time="51.588"/>
  <system-out/>
</testsuite> <!-- pagesTestCasesYasasiiWeb.MastersGenericTestCasesYW -->
