<?xml version="1.0" encoding="UTF-8"?>
<!-- Generated by org.testng.reporters.JUnitReportReporter -->
<testsuite hostname="KI54" failures="0" tests="1" name="pagesTestCasesYasasiiWeb.IPAdvancepayBilling_TestCase_YW" time="86.524" errors="0" timestamp="2022-07-26T13:11:05 IST" skipped="0">
  <testcase classname="pagesTestCasesYasasiiWeb.IPAdvancepayBilling_TestCase_YW" name="AdvancePay" time="86.524"/>
  <system-out/>
</testsuite> <!-- pagesTestCasesYasasiiWeb.IPAdvancepayBilling_TestCase_YW -->
