<?xml version="1.0" encoding="UTF-8"?>
<!-- Generated by org.testng.reporters.JUnitReportReporter -->
<testsuite hostname="KI54" failures="0" tests="1" name="pagesTestCasesYasasiiWeb.WhiteBoard_STAT_TeatcaseYW" time="156.181" errors="0" timestamp="2022-07-26T13:10:49 IST" skipped="0">
  <testcase classname="pagesTestCasesYasasiiWeb.WhiteBoard_STAT_TeatcaseYW" name="Stat" time="156.181"/>
  <system-out/>
</testsuite> <!-- pagesTestCasesYasasiiWeb.WhiteBoard_STAT_TeatcaseYW -->
