<?xml version="1.0" encoding="UTF-8"?>
<!-- Generated by org.testng.reporters.JUnitReportReporter -->
<testsuite hostname="KI54" failures="0" tests="12" name="pagesTestCasesYasasiiWeb.FO_EcounterCreationTestCaseYW" time="283.949" errors="0" timestamp="2022-07-26T10:34:30 IST" skipped="0">
  <testcase classname="pagesTestCasesYasasiiWeb.FO_EcounterCreationTestCaseYW" name="ERBirth" time="23.485"/>
  <system-out/>
  <testcase classname="pagesTestCasesYasasiiWeb.FO_EcounterCreationTestCaseYW" name="ERBirth" time="23.551"/>
  <system-out/>
  <testcase classname="pagesTestCasesYasasiiWeb.FO_EcounterCreationTestCaseYW" name="ERBirth" time="23.887"/>
  <system-out/>
  <testcase classname="pagesTestCasesYasasiiWeb.FO_EcounterCreationTestCaseYW" name="ERBirth" time="23.692"/>
  <system-out/>
  <testcase classname="pagesTestCasesYasasiiWeb.FO_EcounterCreationTestCaseYW" name="ERBirth" time="23.867"/>
  <system-out/>
  <testcase classname="pagesTestCasesYasasiiWeb.FO_EcounterCreationTestCaseYW" name="ERBirth" time="23.801"/>
  <system-out/>
  <testcase classname="pagesTestCasesYasasiiWeb.FO_EcounterCreationTestCaseYW" name="ERBirth" time="23.456"/>
  <system-out/>
  <testcase classname="pagesTestCasesYasasiiWeb.FO_EcounterCreationTestCaseYW" name="ERBirth" time="23.483"/>
  <system-out/>
  <testcase classname="pagesTestCasesYasasiiWeb.FO_EcounterCreationTestCaseYW" name="ERBirth" time="23.529"/>
  <system-out/>
  <testcase classname="pagesTestCasesYasasiiWeb.FO_EcounterCreationTestCaseYW" name="ERBirth" time="23.529"/>
  <system-out/>
  <testcase classname="pagesTestCasesYasasiiWeb.FO_EcounterCreationTestCaseYW" name="ERBirth" time="24.047"/>
  <system-out/>
  <testcase classname="pagesTestCasesYasasiiWeb.FO_EcounterCreationTestCaseYW" name="ERBirth" time="23.622"/>
  <system-out/>
</testsuite> <!-- pagesTestCasesYasasiiWeb.FO_EcounterCreationTestCaseYW -->
