<?xml version="1.0" encoding="UTF-8"?>
<!-- Generated by org.testng.reporters.JUnitReportReporter -->
<testsuite hostname="KI54" failures="0" tests="1" name="pagesTestCasesYasasiiWeb.MastersResourceMasterTestCasesYW" time="62.045" errors="0" timestamp="2022-07-26T13:10:57 IST" skipped="0">
  <testcase classname="pagesTestCasesYasasiiWeb.MastersResourceMasterTestCasesYW" name="ResMaster" time="62.045"/>
  <system-out/>
</testsuite> <!-- pagesTestCasesYasasiiWeb.MastersResourceMasterTestCasesYW -->
