<?xml version="1.0" encoding="UTF-8"?>
<!-- Generated by org.testng.reporters.JUnitReportReporter -->
<testsuite hostname="KI54" failures="0" tests="1" name="pagesTestCasesYasasiiWeb.EMRADTTestCasesYW" time="36.000" errors="0" timestamp="2022-07-26T13:10:56 IST" skipped="0">
  <testcase classname="pagesTestCasesYasasiiWeb.EMRADTTestCasesYW" name="EMRADT" time="36.000"/>
  <system-out/>
</testsuite> <!-- pagesTestCasesYasasiiWeb.EMRADTTestCasesYW -->
