<?xml version="1.0" encoding="UTF-8"?>
<!-- Generated by org.testng.reporters.JUnitReportReporter -->
<testsuite hostname="KI54" failures="0" tests="2" name="pagesTestCasesYasasiiWeb.IVAdditionalTestTestCasesYW" time="624.464" errors="0" timestamp="2022-07-26T15:00:45 IST" skipped="0">
  <testcase classname="pagesTestCasesYasasiiWeb.IVAdditionalTestTestCasesYW" name="additional" time="53.800"/>
  <system-out/>
  <testcase classname="pagesTestCasesYasasiiWeb.IVAdditionalTestTestCasesYW" name="IV" time="570.664"/>
  <system-out/>
</testsuite> <!-- pagesTestCasesYasasiiWeb.IVAdditionalTestTestCasesYW -->
