<?xml version="1.0" encoding="UTF-8"?>
<!-- Generated by org.testng.reporters.JUnitReportReporter -->
<testsuite hostname="KI54" failures="0" tests="2" name="pagesTestCasesYasasiiWeb.OutsiderPatientRegTestCases" time="85.572" errors="0" timestamp="2022-07-26T13:11:15 IST" skipped="0">
  <testcase classname="pagesTestCasesYasasiiWeb.OutsiderPatientRegTestCases" name="outsideregistration" time="79.862"/>
  <system-out/>
  <testcase classname="pagesTestCasesYasasiiWeb.OutsiderPatientRegTestCases" name="outsiderbilling" time="5.710"/>
  <system-out/>
</testsuite> <!-- pagesTestCasesYasasiiWeb.OutsiderPatientRegTestCases -->
