<?xml version="1.0" encoding="UTF-8"?>
<!-- Generated by org.testng.reporters.JUnitReportReporter -->
<testsuite hostname="KI54" failures="0" tests="1" name="pagesTestCasesYasasiiWeb.FO_AppoinmentCreationTestCasesYW" time="73.069" errors="0" timestamp="2022-07-26T13:10:54 IST" skipped="0">
  <testcase classname="pagesTestCasesYasasiiWeb.FO_AppoinmentCreationTestCasesYW" name="FOAppoinment" time="73.069"/>
  <system-out/>
</testsuite> <!-- pagesTestCasesYasasiiWeb.FO_AppoinmentCreationTestCasesYW -->
