<?xml version="1.0" encoding="UTF-8"?>
<!-- Generated by org.testng.reporters.JUnitReportReporter -->
<testsuite hostname="KI54" failures="0" tests="1" name="pagesTestCasesYasasiiWeb.FO_AllTypesBill_TestCaseYW" time="29.865" errors="0" timestamp="2022-07-26T13:11:10 IST" skipped="0">
  <testcase classname="pagesTestCasesYasasiiWeb.FO_AllTypesBill_TestCaseYW" name="outsideregistration" time="29.865"/>
  <system-out/>
</testsuite> <!-- pagesTestCasesYasasiiWeb.FO_AllTypesBill_TestCaseYW -->
