<?xml version="1.0" encoding="UTF-8"?>
<!-- Generated by org.testng.reporters.JUnitReportReporter -->
<testsuite hostname="KI54" failures="0" tests="1" name="pagesTestCasesYasasiiWeb.FO_PharmacyBilling_TestCaseYW" time="157.045" errors="0" timestamp="2022-07-26T13:11:20 IST" skipped="0">
  <testcase classname="pagesTestCasesYasasiiWeb.FO_PharmacyBilling_TestCaseYW" name="pharmacy" time="157.045"/>
  <system-out/>
</testsuite> <!-- pagesTestCasesYasasiiWeb.FO_PharmacyBilling_TestCaseYW -->
