<?xml version="1.0" encoding="UTF-8"?>
<!-- Generated by org.testng.reporters.JUnitReportReporter -->
<testsuite hostname="KI54" failures="0" tests="1" name="pagesTestCasesYasasiiWeb.FO_ADT_AdmissionEditTestcaseYW" time="104.854" errors="0" timestamp="2022-07-26T15:11:26 IST" skipped="0">
  <testcase classname="pagesTestCasesYasasiiWeb.FO_ADT_AdmissionEditTestcaseYW" name="foReg" time="104.854"/>
  <system-out/>
</testsuite> <!-- pagesTestCasesYasasiiWeb.FO_ADT_AdmissionEditTestcaseYW -->
