<?xml version="1.0" encoding="UTF-8"?>
<!-- Generated by org.testng.reporters.JUnitReportReporter -->
<testsuite hostname="KI54" failures="0" tests="1" name="pagesTestCasesYasasiiWeb.IVCPOEViewTestCaseYW" time="40.439" errors="0" timestamp="2022-07-26T14:23:05 IST" skipped="0">
  <testcase classname="pagesTestCasesYasasiiWeb.IVCPOEViewTestCaseYW" name="IVCPOE" time="40.439"/>
  <system-out/>
</testsuite> <!-- pagesTestCasesYasasiiWeb.IVCPOEViewTestCaseYW -->
