<?xml version="1.0" encoding="UTF-8"?>
<!-- Generated by org.testng.reporters.JUnitReportReporter -->
<testsuite hostname="KI54" failures="0" tests="1" name="pagesTestCasesYasasiiWeb.PatientDischarge_TestCasesYW" time="466.038" errors="0" timestamp="2022-08-19T14:43:08 IST" skipped="0">
  <testcase classname="pagesTestCasesYasasiiWeb.PatientDischarge_TestCasesYW" name="patientdischarge1" time="466.038"/>
  <system-out/>
</testsuite> <!-- pagesTestCasesYasasiiWeb.PatientDischarge_TestCasesYW -->
