<?xml version="1.0" encoding="UTF-8"?>
<!-- Generated by org.testng.reporters.JUnitReportReporter -->
<testsuite hostname="KI90" failures="0" tests="1" name="pagesTestCasesYasasiiWeb.patientREG_Enconterverification_TestcaseYW" time="188.672" errors="0" timestamp="2022-05-19T11:24:51 IST" skipped="0">
  <testcase classname="pagesTestCasesYasasiiWeb.patientREG_Enconterverification_TestcaseYW" name="patientREG" time="188.672"/>
  <system-out/>
</testsuite> <!-- pagesTestCasesYasasiiWeb.patientREG_Enconterverification_TestcaseYW -->
