<?xml version="1.0" encoding="UTF-8"?>
<!-- Generated by org.testng.reporters.JUnitReportReporter -->
<testsuite hostname="KI54" failures="0" tests="2" name="pagesTestCasesYasasiiWeb.EnhancedERWorkflow_TestCaseYW" time="280.759" errors="0" timestamp="2022-07-26T13:11:01 IST" skipped="0">
  <testcase classname="pagesTestCasesYasasiiWeb.EnhancedERWorkflow_TestCaseYW" name="cpoeADMNSTN" time="54.872"/>
  <system-out/>
  <testcase classname="pagesTestCasesYasasiiWeb.EnhancedERWorkflow_TestCaseYW" name="doctor" time="225.887"/>
  <system-out/>
</testsuite> <!-- pagesTestCasesYasasiiWeb.EnhancedERWorkflow_TestCaseYW -->
