<?xml version="1.0" encoding="UTF-8"?>
<!-- Generated by org.testng.reporters.JUnitReportReporter -->
<testsuite hostname="KI54" failures="0" tests="1" name="pagesTestCasesYasasiiWeb.FO_IPEnquiryAndStayPassTestCaseYW" time="66.965" errors="0" timestamp="2022-07-26T13:10:55 IST" skipped="0">
  <testcase classname="pagesTestCasesYasasiiWeb.FO_IPEnquiryAndStayPassTestCaseYW" name="displayorder" time="66.965"/>
  <system-out/>
</testsuite> <!-- pagesTestCasesYasasiiWeb.FO_IPEnquiryAndStayPassTestCaseYW -->
