<?xml version="1.0" encoding="UTF-8"?>
<!-- Generated by org.testng.reporters.JUnitReportReporter -->
<testsuite hostname="KI54" failures="0" tests="1" name="pagesTestCasesYasasiiWeb.FO_combinationalPAY_Discprice_TestcaseYW" time="91.060" errors="0" timestamp="2022-07-26T14:23:08 IST" skipped="0">
  <testcase classname="pagesTestCasesYasasiiWeb.FO_combinationalPAY_Discprice_TestcaseYW" name="combinePay" time="91.060"/>
  <system-out/>
</testsuite> <!-- pagesTestCasesYasasiiWeb.FO_combinationalPAY_Discprice_TestcaseYW -->
