<?xml version="1.0" encoding="UTF-8"?>
<!-- Generated by org.testng.reporters.JUnitReportReporter -->
<testsuite hostname="KI54" failures="0" tests="1" name="pagesTestCasesYasasiiWeb.FO_Billing_AdvanceCollection_TestCaseYW" time="60.434" errors="0" timestamp="2022-07-26T13:11:08 IST" skipped="0">
  <testcase classname="pagesTestCasesYasasiiWeb.FO_Billing_AdvanceCollection_TestCaseYW" name="advancerefund" time="60.434"/>
  <system-out/>
</testsuite> <!-- pagesTestCasesYasasiiWeb.FO_Billing_AdvanceCollection_TestCaseYW -->
