<?xml version="1.0" encoding="UTF-8"?>
<!-- Generated by org.testng.reporters.JUnitReportReporter -->
<testsuite hostname="KI54" failures="0" tests="1" name="pagesTestCasesYasasiiWeb.FO_EncounterTypes_TestCases_YW" time="81.238" errors="0" timestamp="2022-07-26T13:11:22 IST" skipped="0">
  <testcase classname="pagesTestCasesYasasiiWeb.FO_EncounterTypes_TestCases_YW" name="EncType" time="81.238"/>
  <system-out/>
</testsuite> <!-- pagesTestCasesYasasiiWeb.FO_EncounterTypes_TestCases_YW -->
