<?xml version="1.0" encoding="UTF-8"?>
<!-- Generated by org.testng.reporters.JUnitReportReporter -->
<testsuite hostname="KI54" failures="0" tests="2" name="pagesTestCasesYasasiiWeb.EMRMedicationTestCaseYW" time="695.017" errors="0" timestamp="2022-07-26T15:57:07 IST" skipped="0">
  <testcase classname="pagesTestCasesYasasiiWeb.EMRMedicationTestCaseYW" name="patientReg" time="24.223"/>
  <system-out/>
  <testcase classname="pagesTestCasesYasasiiWeb.EMRMedicationTestCaseYW" name="OPEMR" time="670.794"/>
  <system-out/>
</testsuite> <!-- pagesTestCasesYasasiiWeb.EMRMedicationTestCaseYW -->
