<?xml version="1.0" encoding="UTF-8"?>
<!-- Generated by org.testng.reporters.JUnitReportReporter -->
<testsuite hostname="KI54" failures="0" tests="2" name="pagesTestCasesYasasiiWeb.IP_REferral_TestCaseYW" time="168.671" errors="0" timestamp="2022-07-26T13:11:23 IST" skipped="0">
  <testcase classname="pagesTestCasesYasasiiWeb.IP_REferral_TestCaseYW" name="patientreg" time="36.436"/>
  <system-out/>
  <testcase classname="pagesTestCasesYasasiiWeb.IP_REferral_TestCaseYW" name="ref" time="132.235"/>
  <system-out/>
</testsuite> <!-- pagesTestCasesYasasiiWeb.IP_REferral_TestCaseYW -->
